<?xml version="1.0" encoding="UTF-8"?>
<!-- Generated by org.testng.reporters.JUnitXMLReporter -->
<testsuite ignored="0" hostname="HamzehAbuAmer" failures="0" tests="3" name="Default test" time="8.526" errors="0" timestamp="2024-06-06T22:19:28 EET">
  <testcase classname="TeatCasesLoginAndArrangedItems" name="LoginTest" time="1.626"/>
  <testcase classname="TeatCasesLoginAndArrangedItems" name="VerifyProductsElementIsThere" time="0.081"/>
  <testcase classname="TeatCasesLoginAndArrangedItems" name="SortingItems" time="2.309"/>
</testsuite> <!-- Default test -->
